Arguments: 
  /home/sdyalor/.nvm/versions/node/v13.0.1/bin/node /usr/share/yarn/bin/yarn.js install

PATH: 
  /home/sdyalor/.wasmtime/bin:/home/sdyalor/Android/Sdk/tools:/home/sdyalor/development/flutter/bin:/home/sdyalor/.android-studio/bin:/home/sdyalor/.sdkman/candidates/gradle/current/bin:/home/sdyalor/.yarn/bin:/home/sdyalor/.pyenv/plugins/pyenv-virtualenv/shims:/home/sdyalor/.pyenv/shims:/home/sdyalor/.pyenv/bin:/home/sdyalor/.nvm/versions/node/v13.0.1/bin:/home/sdyalor/.cargo/bin:/usr/local/sbin:/usr/local/bin:/usr/sbin:/usr/bin:/sbin:/bin:/usr/games:/usr/local/games:/snap/bin:/home/sdyalor/dotnet:/usr/lib/jvm/java-12-oracle/bin:/usr/lib/jvm/java-12-oracle/db/bin:/home/sdyalor/.cargo/bin

Yarn version: 
  1.19.1

Node version: 
  13.0.1

Platform: 
  linux x64

Trace: 
  Error: http://localhost:8081/repository/npmjs-org/@babel%2fplugin-transform-template-literals: socket hang up
      at connResetException (internal/errors.js:575:14)
      at Socket.socketOnEnd (_http_client.js:438:23)
      at Socket.emit (events.js:215:7)
      at endReadableNT (_stream_readable.js:1198:12)
      at processTicksAndRejections (internal/process/task_queues.js:80:21)

npm manifest: 
  {
    "name": "comlink.pwa",
    "version": "1.0.0",
    "main": "index.js",
    "license": "MIT",
    "scripts": {
      "build:webpack": "rm -rf dist/ && webpack && cd dist/ && es-dev-server --port=8080",
      "start:webpack": "rm -rf dist/ && webpack-dev-server --public 172.16.216.1"
    },
    "devDependencies": {
      "@babel/core": "^7.7.2",
      "@babel/plugin-proposal-class-properties": "^7.7.0",
      "@babel/plugin-proposal-decorators": "^7.7.0",
      "@babel/plugin-syntax-dynamic-import": "^7.2.0",
      "@babel/plugin-syntax-import-meta": "^7.2.0",
      "@babel/plugin-transform-arrow-functions": "^7.2.0",
      "@babel/preset-env": "^7.7.1",
      "@babel/preset-typescript": "^7.7.2",
      "babel-loader": "^8.0.6",
      "babel-plugin-const-enum": "^0.0.4",
      "babel-plugin-transform-async-to-promises": "^0.8.15",
      "cache-loader": "^4.1.0",
      "copy-webpack-plugin": "^5.0.5",
      "html-loader": "^0.5.5",
      "html-webpack-plugin": "^3.2.0",
      "parcel-bundler": "^1.12.4",
      "prettier": "^1.19.1",
      "rollup": "^1.27.0",
      "rollup-plugin-babel": "^4.3.3",
      "rollup-plugin-commonjs": "^10.1.0",
      "rollup-plugin-lit-css": "^2.0.0",
      "rollup-plugin-livereload": "^1.0.4",
      "rollup-plugin-node-resolve": "^5.2.0",
      "rollup-plugin-postcss": "^2.0.3",
      "rollup-plugin-replace": "^2.2.0",
      "rollup-plugin-serve": "^1.0.1",
      "rollup-plugin-terser": "^5.1.2",
      "rollup-plugin-uglify": "^6.0.3",
      "thread-loader": "^2.1.3",
      "typescript": "^3.7.2",
      "webpack": "^4.41.2",
      "webpack-cli": "^3.3.10",
      "webpack-dev-server": "^3.9.0",
      "whatwg-fetch": "^3.0.0",
      "workbox-webpack-plugin": "^4.3.1"
    },
    "dependencies": {
      "@babel/plugin-transform-template-literals": "^7.4.4",
      "@surma/rollup-plugin-off-main-thread": "^1.1.1",
      "@webcomponents/webcomponentsjs": "^2.4.0",
      "comlink": "^4.1.0",
      "core-js": "^3.4.1",
      "es-module-loader": "^2.3.0",
      "es6-promise": "^4.2.8",
      "es6-proxy-polyfill": "^1.2.1",
      "htm": "^2.2.1",
      "lit-element": "^2.2.1",
      "promise-polyfill": "^8.1.3",
      "proxy-polyfill": "GoogleChrome/proxy-polyfill",
      "pwa-helpers": "^0.9.1",
      "react": "^16.12.0",
      "react-dom": "^16.12.0",
      "react-redux": "^7.1.3",
      "redux": "^4.0.4",
      "redux-thunk": "^2.3.0",
      "rollup-plugin-copy": "^3.1.0",
      "web-worker-proxy": "^0.5.5",
      "worker-loader": "^2.0.0",
      "worker-plugin": "^3.2.0"
    }
  }

yarn manifest: 
  No manifest

Lockfile: 
  No lockfile
